This is XeTeX, Version 3.141592653-2.6-0.999995 (TeX Live 2023) (preloaded format=xelatex 2023.9.11)  11 MAR 2024 13:24
entering extended mode
 restricted \write18 enabled.
 %&-line parsing enabled.
**codebook.tex
(/usr/local/texlive/2023/texmf-dist/tex/latex/tools/x.tex
! Interruption.
<to be read again> 
                   \begingroup 
l.1 
    %%
? x
 
Here is how much of TeX's memory you used:
 6 strings out of 476683
 177 string characters out of 5804047
 1842018 words of memory out of 5000000
 20352 multiletter control sequences out of 15000+600000
 512287 words of font info for 32 fonts, out of 8000000 for 9000
 1348 hyphenation exceptions out of 8191
 3i,0n,1p,19b,6s stack positions out of 10000i,1000n,20000p,200000b,200000s
No pages of output.
