\BOOKMARK [1][-]{section.1}{\376\377\000B\000a\000s\000i\000c}{}% 1
\BOOKMARK [2][-]{subsection.1.1}{\376\377\000v\000i\000m\000r\000c}{section.1}% 2
\BOOKMARK [2][-]{subsection.1.2}{\376\377\000d\000e\000f\000a\000u\000l\000t}{section.1}% 3
\BOOKMARK [2][-]{subsection.1.3}{\376\377\000j\000u\000d\000g\000e}{section.1}% 4
\BOOKMARK [2][-]{subsection.1.4}{\376\377\000R\000a\000n\000d\000o\000m}{section.1}% 5
\BOOKMARK [1][-]{section.2}{\376\377\000M\000a\000t\000c\000h\000i\000n\000g\000\040\000a\000n\000d\000\040\000F\000l\000o\000w}{}% 6
\BOOKMARK [2][-]{subsection.2.1}{\376\377\000D\000i\000n\000i\000c}{section.2}% 7
\BOOKMARK [2][-]{subsection.2.2}{\376\377\000z\000k\000w\000D\000i\000n\000i\000c}{section.2}% 8
\BOOKMARK [2][-]{subsection.2.3}{\376\377\000H\000o\000p\000c\000r\000o\000f\000t\000K\000a\000r\000p}{section.2}% 9
\BOOKMARK [2][-]{subsection.2.4}{\376\377\000K\000M}{section.2}% 10
\BOOKMARK [2][-]{subsection.2.5}{\376\377\000S\000W}{section.2}% 11
\BOOKMARK [2][-]{subsection.2.6}{\376\377\000G\000e\000n\000e\000r\000a\000l\000M\000a\000t\000c\000h\000i\000n\000g}{section.2}% 12
\BOOKMARK [1][-]{section.3}{\376\377\000G\000r\000a\000p\000h}{}% 13
\BOOKMARK [2][-]{subsection.3.1}{\376\377\0002\000-\000S\000A\000T}{section.3}% 14
\BOOKMARK [2][-]{subsection.3.2}{\376\377\000M\000a\000n\000h\000a\000t\000t\000a\000n\000\040\000M\000S\000T}{section.3}% 15
\BOOKMARK [2][-]{subsection.3.3}{\376\377\000T\000r\000e\000e\000H\000a\000s\000h}{section.3}% 16
\BOOKMARK [2][-]{subsection.3.4}{\376\377\000M\000a\000x\000i\000m\000u\000m\000\040\000I\000n\000d\000e\000p\000e\000n\000d\000e\000n\000t\000S\000e\000t}{section.3}% 17
\BOOKMARK [2][-]{subsection.3.5}{\376\377\000M\000i\000n\000\040\000M\000e\000a\000n\000\040\000W\000e\000i\000g\000h\000t\000\040\000C\000y\000c\000l\000e}{section.3}% 18
\BOOKMARK [2][-]{subsection.3.6}{\376\377\000B\000l\000o\000c\000k\000\040\000C\000u\000t\000\040\000T\000r\000e\000e}{section.3}% 19
\BOOKMARK [2][-]{subsection.3.7}{\376\377\000H\000e\000a\000v\000y\000\040\000L\000i\000g\000h\000t\000\040\000D\000e\000c\000o\000m\000p\000o\000s\000i\000t\000i\000o\000n}{section.3}% 20
\BOOKMARK [1][-]{section.4}{\376\377\000D\000a\000t\000a\000\040\000S\000t\000r\000u\000c\000t\000u\000r\000e}{}% 21
\BOOKMARK [2][-]{subsection.4.1}{\376\377\000L\000a\000z\000y\000\040\000S\000e\000g\000t\000r\000e\000e}{section.4}% 22
\BOOKMARK [2][-]{subsection.4.2}{\376\377\000T\000r\000e\000a\000p}{section.4}% 23
\BOOKMARK [2][-]{subsection.4.3}{\376\377\000L\000i\000C\000h\000a\000o\000\040\000S\000e\000g\000t\000r\000e\000e}{section.4}% 24
\BOOKMARK [2][-]{subsection.4.4}{\376\377\000P\000e\000r\000s\000i\000s\000t\000e\000n\000t\000\040\000S\000e\000g\000m\000e\000n\000t\000T\000r\000e\000e}{section.4}% 25
\BOOKMARK [2][-]{subsection.4.5}{\376\377\000B\000l\000a\000c\000k\000m\000a\000g\000i\000c}{section.4}% 26
\BOOKMARK [2][-]{subsection.4.6}{\376\377\000C\000e\000n\000t\000r\000o\000i\000d\000\040\000D\000e\000c\000o\000m\000p\000o\000s\000i\000t\000i\000o\000n}{section.4}% 27
\BOOKMARK [1][-]{section.5}{\376\377\000D\000y\000n\000a\000m\000i\000c\000\040\000P\000r\000o\000g\000r\000a\000m\000m\000i\000n\000g}{}% 28
\BOOKMARK [2][-]{subsection.5.1}{\376\377\000C\000D\000Q}{section.5}% 29
\BOOKMARK [1][-]{section.6}{\376\377\000M\000a\000t\000h}{}% 30
\BOOKMARK [2][-]{subsection.6.1}{\376\377\000T\000h\000e\000o\000r\000e\000m}{section.6}% 31
\BOOKMARK [2][-]{subsection.6.2}{\376\377\000E\000x\000g\000c\000d}{section.6}% 32
\BOOKMARK [2][-]{subsection.6.3}{\376\377\000C\000R\000T}{section.6}% 33
\BOOKMARK [2][-]{subsection.6.4}{\376\377\000F\000a\000c\000t\000o\000r\000i\000z\000e}{section.6}% 34
\BOOKMARK [2][-]{subsection.6.5}{\376\377\000N\000T\000T}{section.6}% 35
\BOOKMARK [2][-]{subsection.6.6}{\376\377\000F\000W\000T}{section.6}% 36
\BOOKMARK [2][-]{subsection.6.7}{\376\377\000F\000W\000T}{section.6}% 37
\BOOKMARK [2][-]{subsection.6.8}{\376\377\000L\000u\000c\000a\000s}{section.6}% 38
\BOOKMARK [2][-]{subsection.6.9}{\376\377\000B\000e\000r\000l\000e\000k\000a\000m\000p\000\040\000M\000a\000s\000s\000e\000y}{section.6}% 39
\BOOKMARK [2][-]{subsection.6.10}{\376\377\000G\000a\000u\000s\000s\000\040\000E\000l\000i\000m\000i\000n\000a\000t\000i\000o\000n}{section.6}% 40
\BOOKMARK [2][-]{subsection.6.11}{\376\377\000L\000i\000n\000e\000a\000r\000\040\000E\000q\000u\000a\000t\000i\000o\000n}{section.6}% 41
\BOOKMARK [2][-]{subsection.6.12}{\376\377\000L\000i\000n\000e\000a\000r\000R\000e\000c}{section.6}% 42
\BOOKMARK [2][-]{subsection.6.13}{\376\377\000S\000u\000b\000s\000e\000t\000C\000o\000n\000v}{section.6}% 43
\BOOKMARK [2][-]{subsection.6.14}{\376\377\000S\000q\000r\000t\000M\000o\000d}{section.6}% 44
\BOOKMARK [2][-]{subsection.6.15}{\376\377\000F\000l\000o\000o\000r\000S\000u\000m}{section.6}% 45
\BOOKMARK [1][-]{section.7}{\376\377\000G\000e\000o\000m\000e\000t\000r\000y}{}% 46
\BOOKMARK [2][-]{subsection.7.1}{\376\377\0002\000D\000\040\000P\000o\000i\000n\000t}{section.7}% 47
\BOOKMARK [2][-]{subsection.7.2}{\376\377\000C\000o\000n\000v\000e\000x\000\040\000H\000u\000l\000l}{section.7}% 48
\BOOKMARK [2][-]{subsection.7.3}{\376\377\000C\000o\000n\000v\000e\000x\000\040\000H\000u\000l\000l\000\040\000t\000r\000i\000c\000k}{section.7}% 49
\BOOKMARK [2][-]{subsection.7.4}{\376\377\000D\000y\000n\000a\000m\000i\000c\000\040\000C\000o\000n\000v\000e\000x\000\040\000H\000u\000l\000l}{section.7}% 50
\BOOKMARK [2][-]{subsection.7.5}{\376\377\000H\000a\000l\000f\000\040\000P\000l\000a\000n\000e\000\040\000I\000n\000t\000e\000r\000s\000e\000c\000t\000i\000o\000n}{section.7}% 51
\BOOKMARK [2][-]{subsection.7.6}{\376\377\000M\000i\000n\000i\000m\000a\000l\000\040\000E\000n\000c\000l\000o\000s\000i\000n\000g\000\040\000C\000i\000r\000c\000l\000e}{section.7}% 52
\BOOKMARK [2][-]{subsection.7.7}{\376\377\000M\000i\000n\000k\000o\000w\000s\000k\000i}{section.7}% 53
\BOOKMARK [2][-]{subsection.7.8}{\376\377\000T\000r\000i\000a\000n\000g\000l\000e\000C\000e\000n\000t\000e\000r}{section.7}% 54
\BOOKMARK [1][-]{section.8}{\376\377\000S\000t\000r\000i\000n\000g\000o\000l\000o\000g\000y}{}% 55
\BOOKMARK [2][-]{subsection.8.1}{\376\377\000Z\000-\000a\000l\000g\000o\000r\000i\000t\000h\000m}{section.8}% 56
\BOOKMARK [2][-]{subsection.8.2}{\376\377\000M\000a\000n\000a\000c\000h\000e\000r}{section.8}% 57
\BOOKMARK [2][-]{subsection.8.3}{\376\377\000S\000u\000f\000f\000i\000x\000A\000r\000r\000a\000y}{section.8}% 58
\BOOKMARK [2][-]{subsection.8.4}{\376\377\000S\000i\000m\000p\000l\000e\000S\000u\000f\000f\000i\000x\000A\000r\000r\000a\000y}{section.8}% 59
\BOOKMARK [2][-]{subsection.8.5}{\376\377\000P\000a\000l\000i\000n\000d\000r\000o\000m\000i\000c\000T\000r\000e\000e}{section.8}% 60
\BOOKMARK [2][-]{subsection.8.6}{\376\377\000S\000m\000a\000l\000l\000e\000s\000t\000R\000o\000t\000a\000t\000i\000o\000n}{section.8}% 61
\BOOKMARK [1][-]{section.9}{\376\377\000M\000i\000s\000c}{}% 62
\BOOKMARK [2][-]{subsection.9.1}{\376\377\000H\000i\000l\000b\000e\000r\000t\000C\000u\000r\000v\000e}{section.9}% 63
\BOOKMARK [2][-]{subsection.9.2}{\376\377\000D\000L\000X}{section.9}% 64
\BOOKMARK [2][-]{subsection.9.3}{\376\377\000N\000e\000x\000t\000P\000e\000r\000m}{section.9}% 65
\BOOKMARK [2][-]{subsection.9.4}{\376\377\000F\000a\000s\000t\000I\000O}{section.9}% 66
\BOOKMARK [2][-]{subsection.9.5}{\376\377\000t\000r\000i\000c\000k}{section.9}% 67
